<?xml version="1.0" encoding="UTF-8"?>
<!-- Generated by org.testng.reporters.JUnitReportReporter -->
<testsuite hostname="KRISHNAMURTHY" failures="0" tests="1" name="com.crm.comcast.contactTest.CreateContactWithoutMandatoryTest" time="54.390" errors="0" timestamp="2022-06-10T09:42:50 IST" skipped="0">
  <testcase classname="com.crm.comcast.contactTest.CreateContactWithoutMandatoryTest" name="createContact" time="54.390"/>
  <system-out/>
</testsuite> <!-- com.crm.comcast.contactTest.CreateContactWithoutMandatoryTest -->
