<?xml version="1.0" encoding="UTF-8"?>
<!-- Generated by org.testng.reporters.JUnitReportReporter -->
<testsuite hostname="KRISHNAMURTHY" failures="0" tests="3" name="practice.DataProviderWithoutDDtTest" time="0.018" errors="0" timestamp="2022-06-11T11:34:51 IST" skipped="0">
  <testcase classname="practice.DataProviderWithoutDDtTest" name="bookTicket" time="0.012"/>
  <system-out/>
  <testcase classname="practice.DataProviderWithoutDDtTest" name="bookTicket" time="0.003"/>
  <system-out/>
  <testcase classname="practice.DataProviderWithoutDDtTest" name="bookTicket" time="0.003"/>
  <system-out/>
</testsuite> <!-- practice.DataProviderWithoutDDtTest -->
