<?xml version="1.0" encoding="UTF-8"?>
<!-- Generated by org.testng.reporters.JUnitReportReporter -->
<testsuite hostname="KRISHNAMURTHY" failures="0" tests="1" name="practice.RegionalRegression" time="37.296" errors="0" timestamp="2022-06-09T17:07:16 IST" skipped="0">
  <testcase classname="practice.RegionalRegression" name="createCampaignTest" time="37.296"/>
  <system-out/>
</testsuite> <!-- practice.RegionalRegression -->
