<?xml version="1.0" encoding="UTF-8"?>
<!-- Generated by org.testng.reporters.JUnitReportReporter -->
<testsuite hostname="KRISHNAMURTHY" failures="0" tests="1" name="com.crm.comcast.contactTest.CreateContactTest" time="31.717" errors="0" timestamp="2022-06-14T17:01:26 IST" skipped="0">
  <testcase classname="com.crm.comcast.contactTest.CreateContactTest" name="createContact" time="31.717"/>
  <system-out/>
</testsuite> <!-- com.crm.comcast.contactTest.CreateContactTest -->
