<?xml version="1.0" encoding="UTF-8"?>
<!-- Generated by org.testng.reporters.JUnitReportReporter -->
<testsuite hostname="KRISHNAMURTHY" failures="0" tests="2" name="practice.HardAssert" time="0.019" errors="0" timestamp="2022-06-11T11:55:13 IST" skipped="0">
  <testcase classname="practice.HardAssert" name="modifyOrg" time="0.003"/>
  <system-out/>
  <testcase classname="practice.HardAssert" name="createOrg" time="0.016"/>
  <system-out/>
</testsuite> <!-- practice.HardAssert -->
