<?xml version="1.0" encoding="UTF-8"?>
<!-- Generated by org.testng.reporters.JUnitReportReporter -->
<testsuite hostname="KRISHNAMURTHY" failures="0" tests="1" name="com.crm.comcast.contactTest.DeleteContactTest" time="121.185" errors="0" timestamp="2022-06-09T17:43:44 IST" skipped="0">
  <testcase classname="com.crm.comcast.contactTest.DeleteContactTest" name="deleteContactTest" time="121.185"/>
  <system-out/>
</testsuite> <!-- com.crm.comcast.contactTest.DeleteContactTest -->
